mode: set
takaya-47/learn-go/ex15/internal/processor/processor.go:22.41,29.16 5 1
takaya-47/learn-go/ex15/internal/processor/processor.go:29.16,31.3 1 0
takaya-47/learn-go/ex15/internal/processor/processor.go:32.2,33.16 2 1
takaya-47/learn-go/ex15/internal/processor/processor.go:33.16,35.3 1 0
takaya-47/learn-go/ex15/internal/processor/processor.go:36.2,41.8 1 1
takaya-47/learn-go/ex15/internal/processor/processor.go:44.57,45.23 1 1
takaya-47/learn-go/ex15/internal/processor/processor.go:45.23,47.17 2 1
takaya-47/learn-go/ex15/internal/processor/processor.go:47.17,48.12 1 0
takaya-47/learn-go/ex15/internal/processor/processor.go:50.3,51.19 2 1
takaya-47/learn-go/ex15/internal/processor/processor.go:52.12,53.34 1 1
takaya-47/learn-go/ex15/internal/processor/processor.go:54.12,55.34 1 1
takaya-47/learn-go/ex15/internal/processor/processor.go:56.12,57.34 1 1
takaya-47/learn-go/ex15/internal/processor/processor.go:58.12,60.23 1 1
takaya-47/learn-go/ex15/internal/processor/processor.go:60.23,61.13 1 1
takaya-47/learn-go/ex15/internal/processor/processor.go:63.4,63.34 1 1
takaya-47/learn-go/ex15/internal/processor/processor.go:64.11,65.12 1 1
takaya-47/learn-go/ex15/internal/processor/processor.go:69.3,73.16 2 1
takaya-47/learn-go/ex15/internal/processor/processor.go:75.2,75.12 1 1
takaya-47/learn-go/ex15/internal/processor/processor.go:78.47,79.20 1 1
takaya-47/learn-go/ex15/internal/processor/processor.go:79.20,83.3 1 1
takaya-47/learn-go/ex15/main.go:13.18,20.16 5 0
takaya-47/learn-go/ex15/main.go:20.16,22.3 1 0
takaya-47/learn-go/ex15/main.go:23.2,35.57 5 0
takaya-47/learn-go/ex15/main.go:35.57,37.3 1 0
takaya-47/learn-go/ex15/main.go:39.2,39.12 1 0
takaya-47/learn-go/ex15/main.go:42.13,43.30 1 0
takaya-47/learn-go/ex15/main.go:43.30,45.3 1 0
takaya-47/learn-go/ex15/internal/handler/root_handler.go:9.47,12.71 3 1
takaya-47/learn-go/ex15/internal/handler/root_handler.go:12.71,17.17 4 1
takaya-47/learn-go/ex15/internal/handler/root_handler.go:17.17,21.4 3 1
takaya-47/learn-go/ex15/internal/handler/root_handler.go:23.3,23.10 1 1
takaya-47/learn-go/ex15/internal/handler/root_handler.go:24.20,24.20 0 1
takaya-47/learn-go/ex15/internal/handler/root_handler.go:26.11,31.10 4 1
takaya-47/learn-go/ex15/internal/handler/root_handler.go:33.3,34.50 2 1
